2026-02-13 09:35:21,903 - INFO - 🐝 Hive Engine Initialized
2026-02-13 09:35:21,905 - INFO - ➕ Loaded Instance: binance_Spot_028ed7ff (binance)
2026-02-13 09:35:24,476 - INFO - Initialized binance (Spot) DataFetcher with DB candles.db
2026-02-13 09:35:24,476 - INFO - ➕ Loaded Instance: binance_Futures_6aabb6f3 (binance)
2026-02-13 09:35:27,029 - INFO - Initialized binance (Futures) DataFetcher with DB candles.db
2026-02-13 09:35:27,031 - INFO - 🔄 Processing 2 instances...
2026-02-13 09:35:27,031 - INFO - [binance_Spot_028ed7ff] Checking 3 pairs on ['1h', '4h', '1d']...
2026-02-13 09:35:27,826 - INFO - Trend for BTC/USDT using 1d/4h: DOWN
2026-02-13 09:35:28,622 - INFO - Trend for ETH/USDT using 1d/4h: NEUTRAL
2026-02-13 09:35:29,400 - INFO - Trend for SOL/USDT using 1d/4h: DOWN
2026-02-13 09:35:29,400 - INFO - ⏰ Next check for binance_Spot_028ed7ff in 1475.6s
2026-02-13 09:35:29,400 - INFO - [binance_Futures_6aabb6f3] Checking 3 pairs on ['15m', '30m', '1h']...
2026-02-13 09:35:30,229 - INFO - Trend for XRP/USDC:USDC using 1h/30m: NEUTRAL
2026-02-13 09:35:31,028 - INFO - Trend for BNB/USDC:USDC using 1h/30m: NEUTRAL
2026-02-13 09:35:31,842 - INFO - Trend for DOGE/USDC:USDC using 1h/30m: NEUTRAL
2026-02-13 09:35:31,842 - INFO - ⏰ Next check for binance_Futures_6aabb6f3 in 573.2s
2026-02-13 09:35:31,842 - INFO - ✅ Cycle complete. Waiting 573.2s for next event.
2026-02-13 09:45:05,002 - INFO - 🔄 Processing 2 instances...
2026-02-13 09:45:05,002 - INFO - [binance_Futures_6aabb6f3] Checking 3 pairs on ['15m', '30m', '1h']...
2026-02-13 09:45:05,845 - INFO - Trend for XRP/USDC:USDC using 1h/30m: NEUTRAL
2026-02-13 09:45:06,659 - INFO - Trend for BNB/USDC:USDC using 1h/30m: NEUTRAL
2026-02-13 09:45:07,464 - INFO - Trend for DOGE/USDC:USDC using 1h/30m: NEUTRAL
2026-02-13 09:45:07,465 - INFO - ⏰ Next check for binance_Futures_6aabb6f3 in 897.5s
2026-02-13 09:45:07,465 - INFO - ✅ Cycle complete. Waiting 897.5s for next event.
2026-02-13 10:00:05,001 - INFO - 🔄 Processing 2 instances...
2026-02-13 10:00:05,002 - INFO - [binance_Spot_028ed7ff] Checking 3 pairs on ['1h', '4h', '1d']...
2026-02-13 10:00:05,832 - INFO - Trend for BTC/USDT using 1d/4h: DOWN
2026-02-13 10:00:06,631 - INFO - Trend for ETH/USDT using 1d/4h: NEUTRAL
2026-02-13 10:00:07,421 - INFO - Trend for SOL/USDT using 1d/4h: DOWN
2026-02-13 10:00:07,421 - INFO - ⏰ Next check for binance_Spot_028ed7ff in 3597.6s
2026-02-13 10:00:07,421 - INFO - [binance_Futures_6aabb6f3] Checking 3 pairs on ['15m', '30m', '1h']...
2026-02-13 10:00:08,305 - INFO - Trend for XRP/USDC:USDC using 1h/30m: NEUTRAL
2026-02-13 10:00:09,147 - INFO - Trend for BNB/USDC:USDC using 1h/30m: NEUTRAL
2026-02-13 10:00:10,056 - INFO - Trend for DOGE/USDC:USDC using 1h/30m: NEUTRAL
2026-02-13 10:00:10,056 - INFO - ⏰ Next check for binance_Futures_6aabb6f3 in 894.9s
2026-02-13 10:00:10,056 - INFO - ✅ Cycle complete. Waiting 894.9s for next event.
